mode: set
layres_new/store/store.go:14.33,16.2 1 0
layres_new/store/store.go:17.31,19.2 1 1
layres_new/store/store.go:21.67,23.16 2 1
layres_new/store/store.go:27.2,29.17 2 1
layres_new/store/store.go:33.2,33.22 1 1
layres_new/store/store.go:23.16,25.3 1 0
layres_new/store/store.go:29.17,31.3 1 1
layres_new/store/store.go:36.76,38.16 2 1
layres_new/store/store.go:42.2,44.18 2 1
layres_new/store/store.go:49.2,49.23 1 1
layres_new/store/store.go:38.16,40.3 1 0
layres_new/store/store.go:44.18,48.3 3 1
layres_new/store/store.go:52.84,53.42 1 0
layres_new/store/store.go:57.2,57.95 1 0
layres_new/store/store.go:61.2,67.13 5 0
layres_new/store/store.go:70.2,71.13 2 0
layres_new/store/store.go:74.2,78.17 4 0
layres_new/store/store.go:82.2,82.22 1 0
layres_new/store/store.go:53.42,55.3 1 0
layres_new/store/store.go:57.95,59.3 1 0
layres_new/store/store.go:67.13,69.3 1 0
layres_new/store/store.go:71.13,73.3 1 0
layres_new/store/store.go:78.17,80.3 1 0
layres_new/store/store.go:85.60,89.14 3 0
layres_new/store/store.go:93.2,96.18 3 0
layres_new/store/store.go:101.2,101.22 1 0
layres_new/store/store.go:89.14,90.13 1 0
layres_new/store/store.go:96.18,100.3 3 0
layres_new/store/store.go:104.44,108.13 3 0
layres_new/store/store.go:111.2,111.12 1 0
layres_new/store/store.go:108.13,110.3 1 0
layres_new/store/store.go:114.91,116.23 2 0
layres_new/store/store.go:128.2,130.30 3 0
layres_new/store/store.go:157.2,160.16 4 0
layres_new/store/store.go:163.2,163.20 1 0
layres_new/store/store.go:166.2,166.22 1 0
layres_new/store/store.go:116.23,124.13 7 0
layres_new/store/store.go:124.13,126.4 1 0
layres_new/store/store.go:130.30,133.40 2 0
layres_new/store/store.go:138.3,138.34 1 0
layres_new/store/store.go:143.3,143.35 1 0
layres_new/store/store.go:147.3,152.17 5 0
layres_new/store/store.go:133.40,136.4 2 0
layres_new/store/store.go:138.34,141.4 2 0
layres_new/store/store.go:143.35,146.4 2 0
layres_new/store/store.go:152.17,154.4 1 0
layres_new/store/store.go:160.16,162.3 1 0
layres_new/store/store.go:163.20,165.3 1 0
layres_new/delivery/delivery.go:18.53,20.2 1 0
layres_new/delivery/delivery.go:23.64,27.11 3 0
layres_new/delivery/delivery.go:32.2,33.15 2 0
layres_new/delivery/delivery.go:38.2,38.15 1 0
layres_new/delivery/delivery.go:43.2,43.33 1 0
layres_new/delivery/delivery.go:27.11,30.3 2 0
layres_new/delivery/delivery.go:33.15,36.3 2 0
layres_new/delivery/delivery.go:38.15,41.3 2 0
layres_new/delivery/delivery.go:48.66,51.16 3 0
layres_new/delivery/delivery.go:56.2,56.33 1 0
layres_new/delivery/delivery.go:51.16,54.3 2 0
layres_new/delivery/delivery.go:61.63,67.29 5 0
layres_new/delivery/delivery.go:72.2,73.33 2 0
layres_new/delivery/delivery.go:67.29,70.3 2 0
layres_new/delivery/delivery.go:77.63,79.16 2 0
layres_new/delivery/delivery.go:84.2,84.33 1 0
layres_new/delivery/delivery.go:79.16,82.3 2 0
layres_new/delivery/delivery.go:88.63,93.13 4 0
layres_new/delivery/delivery.go:97.2,97.37 1 0
layres_new/delivery/delivery.go:93.13,96.3 2 0
layres_new/delivery/delivery.go:101.63,110.27 7 0
layres_new/delivery/delivery.go:114.2,114.33 1 0
layres_new/delivery/delivery.go:110.27,113.3 2 0
layres_new/main.go:14.13,16.16 2 0
layres_new/main.go:19.2,20.16 2 0
layres_new/main.go:23.2,35.44 12 0
layres_new/main.go:16.16,17.13 1 0
layres_new/main.go:20.16,21.13 1 0
layres_new/services/agecheck.go:8.35,14.15 4 0
layres_new/services/agecheck.go:18.2,18.47 1 0
layres_new/services/agecheck.go:14.15,15.12 1 0
layres_new/services/services.go:12.51,14.2 1 1
layres_new/services/services.go:16.67,19.2 2 1
layres_new/services/services.go:21.76,25.2 2 1
layres_new/services/services.go:27.87,31.28 2 0
layres_new/services/services.go:34.2,34.33 1 0
layres_new/services/services.go:31.28,33.3 1 0
layres_new/services/services.go:38.61,41.2 1 0
layres_new/services/services.go:44.46,47.2 1 0
layres_new/services/services.go:49.93,51.13 2 0
layres_new/services/services.go:55.2,55.16 1 0
layres_new/services/services.go:51.13,53.3 1 0
layres_new/main.go:14.13,16.16 2 0
layres_new/main.go:19.2,20.16 2 0
layres_new/main.go:23.2,35.44 12 0
layres_new/main.go:16.16,17.13 1 0
layres_new/main.go:20.16,21.13 1 0
layres_new/delivery/delivery.go:18.53,20.2 1 1
layres_new/delivery/delivery.go:23.64,27.11 3 1
layres_new/delivery/delivery.go:32.2,33.15 2 1
layres_new/delivery/delivery.go:38.2,38.15 1 1
layres_new/delivery/delivery.go:43.2,43.33 1 1
layres_new/delivery/delivery.go:27.11,30.3 2 0
layres_new/delivery/delivery.go:33.15,36.3 2 0
layres_new/delivery/delivery.go:38.15,41.3 2 1
layres_new/delivery/delivery.go:48.66,51.16 3 1
layres_new/delivery/delivery.go:56.2,56.33 1 1
layres_new/delivery/delivery.go:51.16,54.3 2 0
layres_new/delivery/delivery.go:61.63,67.29 5 0
layres_new/delivery/delivery.go:72.2,73.33 2 0
layres_new/delivery/delivery.go:67.29,70.3 2 0
layres_new/delivery/delivery.go:77.63,79.16 2 0
layres_new/delivery/delivery.go:84.2,84.33 1 0
layres_new/delivery/delivery.go:79.16,82.3 2 0
layres_new/delivery/delivery.go:88.63,93.13 4 0
layres_new/delivery/delivery.go:97.2,97.37 1 0
layres_new/delivery/delivery.go:93.13,96.3 2 0
layres_new/delivery/delivery.go:101.63,110.27 7 0
layres_new/delivery/delivery.go:114.2,114.33 1 0
layres_new/delivery/delivery.go:110.27,113.3 2 0
layres_new/store/store.go:14.33,16.2 1 0
layres_new/store/store.go:17.31,19.2 1 1
layres_new/store/store.go:21.67,23.16 2 1
layres_new/store/store.go:27.2,29.17 2 1
layres_new/store/store.go:33.2,33.22 1 1
layres_new/store/store.go:23.16,25.3 1 0
layres_new/store/store.go:29.17,31.3 1 1
layres_new/store/store.go:36.76,38.16 2 1
layres_new/store/store.go:42.2,44.18 2 1
layres_new/store/store.go:49.2,49.23 1 1
layres_new/store/store.go:38.16,40.3 1 0
layres_new/store/store.go:44.18,48.3 3 1
layres_new/store/store.go:52.84,53.42 1 0
layres_new/store/store.go:57.2,57.95 1 0
layres_new/store/store.go:61.2,67.13 5 0
layres_new/store/store.go:70.2,71.13 2 0
layres_new/store/store.go:74.2,78.17 4 0
layres_new/store/store.go:82.2,82.22 1 0
layres_new/store/store.go:53.42,55.3 1 0
layres_new/store/store.go:57.95,59.3 1 0
layres_new/store/store.go:67.13,69.3 1 0
layres_new/store/store.go:71.13,73.3 1 0
layres_new/store/store.go:78.17,80.3 1 0
layres_new/store/store.go:85.60,89.14 3 0
layres_new/store/store.go:93.2,96.18 3 0
layres_new/store/store.go:101.2,101.22 1 0
layres_new/store/store.go:89.14,90.13 1 0
layres_new/store/store.go:96.18,100.3 3 0
layres_new/store/store.go:104.44,108.13 3 0
layres_new/store/store.go:111.2,111.12 1 0
layres_new/store/store.go:108.13,110.3 1 0
layres_new/store/store.go:114.91,116.23 2 0
layres_new/store/store.go:128.2,130.30 3 0
layres_new/store/store.go:157.2,160.16 4 0
layres_new/store/store.go:163.2,163.20 1 0
layres_new/store/store.go:166.2,166.22 1 0
layres_new/store/store.go:116.23,124.13 7 0
layres_new/store/store.go:124.13,126.4 1 0
layres_new/store/store.go:130.30,133.40 2 0
layres_new/store/store.go:138.3,138.34 1 0
layres_new/store/store.go:143.3,143.35 1 0
layres_new/store/store.go:147.3,152.17 5 0
layres_new/store/store.go:133.40,136.4 2 0
layres_new/store/store.go:138.34,141.4 2 0
layres_new/store/store.go:143.35,146.4 2 0
layres_new/store/store.go:152.17,154.4 1 0
layres_new/store/store.go:160.16,162.3 1 0
layres_new/store/store.go:163.20,165.3 1 0
layres_new/services/agecheck.go:8.35,14.15 4 0
layres_new/services/agecheck.go:18.2,18.47 1 0
layres_new/services/agecheck.go:14.15,15.12 1 0
layres_new/services/services.go:12.51,14.2 1 1
layres_new/services/services.go:16.67,19.2 2 1
layres_new/services/services.go:21.76,25.2 2 1
layres_new/services/services.go:27.87,31.28 2 0
layres_new/services/services.go:34.2,34.33 1 0
layres_new/services/services.go:31.28,33.3 1 0
layres_new/services/services.go:38.61,41.2 1 0
layres_new/services/services.go:44.46,47.2 1 0
layres_new/services/services.go:49.93,51.13 2 0
layres_new/services/services.go:55.2,55.16 1 0
layres_new/services/services.go:51.13,53.3 1 0
layres_new/delivery/delivery.go:18.53,20.2 1 0
layres_new/delivery/delivery.go:23.64,27.11 3 0
layres_new/delivery/delivery.go:32.2,33.15 2 0
layres_new/delivery/delivery.go:38.2,38.15 1 0
layres_new/delivery/delivery.go:43.2,43.33 1 0
layres_new/delivery/delivery.go:27.11,30.3 2 0
layres_new/delivery/delivery.go:33.15,36.3 2 0
layres_new/delivery/delivery.go:38.15,41.3 2 0
layres_new/delivery/delivery.go:48.66,51.16 3 0
layres_new/delivery/delivery.go:56.2,56.33 1 0
layres_new/delivery/delivery.go:51.16,54.3 2 0
layres_new/delivery/delivery.go:61.63,67.29 5 0
layres_new/delivery/delivery.go:72.2,73.33 2 0
layres_new/delivery/delivery.go:67.29,70.3 2 0
layres_new/delivery/delivery.go:77.63,79.16 2 0
layres_new/delivery/delivery.go:84.2,84.33 1 0
layres_new/delivery/delivery.go:79.16,82.3 2 0
layres_new/delivery/delivery.go:88.63,93.13 4 0
layres_new/delivery/delivery.go:97.2,97.37 1 0
layres_new/delivery/delivery.go:93.13,96.3 2 0
layres_new/delivery/delivery.go:101.63,110.27 7 0
layres_new/delivery/delivery.go:114.2,114.33 1 0
layres_new/delivery/delivery.go:110.27,113.3 2 0
layres_new/main.go:14.13,16.16 2 0
layres_new/main.go:19.2,20.16 2 0
layres_new/main.go:23.2,35.44 12 0
layres_new/main.go:16.16,17.13 1 0
layres_new/main.go:20.16,21.13 1 0
layres_new/store/store.go:14.33,16.2 1 0
layres_new/store/store.go:17.31,19.2 1 1
layres_new/store/store.go:21.67,23.16 2 1
layres_new/store/store.go:27.2,29.17 2 1
layres_new/store/store.go:33.2,33.22 1 1
layres_new/store/store.go:23.16,25.3 1 0
layres_new/store/store.go:29.17,31.3 1 1
layres_new/store/store.go:36.76,38.16 2 1
layres_new/store/store.go:42.2,44.18 2 1
layres_new/store/store.go:49.2,49.23 1 1
layres_new/store/store.go:38.16,40.3 1 1
layres_new/store/store.go:44.18,48.3 3 1
layres_new/store/store.go:52.84,53.42 1 0
layres_new/store/store.go:57.2,57.95 1 0
layres_new/store/store.go:61.2,67.13 5 0
layres_new/store/store.go:70.2,71.13 2 0
layres_new/store/store.go:74.2,78.17 4 0
layres_new/store/store.go:82.2,82.22 1 0
layres_new/store/store.go:53.42,55.3 1 0
layres_new/store/store.go:57.95,59.3 1 0
layres_new/store/store.go:67.13,69.3 1 0
layres_new/store/store.go:71.13,73.3 1 0
layres_new/store/store.go:78.17,80.3 1 0
layres_new/store/store.go:85.60,89.14 3 0
layres_new/store/store.go:93.2,96.18 3 0
layres_new/store/store.go:101.2,101.22 1 0
layres_new/store/store.go:89.14,90.13 1 0
layres_new/store/store.go:96.18,100.3 3 0
layres_new/store/store.go:104.44,108.13 3 1
layres_new/store/store.go:111.2,111.12 1 1
layres_new/store/store.go:108.13,110.3 1 0
layres_new/store/store.go:114.91,116.23 2 0
layres_new/store/store.go:128.2,130.30 3 0
layres_new/store/store.go:157.2,160.16 4 0
layres_new/store/store.go:163.2,163.20 1 0
layres_new/store/store.go:166.2,166.22 1 0
layres_new/store/store.go:116.23,124.13 7 0
layres_new/store/store.go:124.13,126.4 1 0
layres_new/store/store.go:130.30,133.40 2 0
layres_new/store/store.go:138.3,138.34 1 0
layres_new/store/store.go:143.3,143.35 1 0
layres_new/store/store.go:147.3,152.17 5 0
layres_new/store/store.go:133.40,136.4 2 0
layres_new/store/store.go:138.34,141.4 2 0
layres_new/store/store.go:143.35,146.4 2 0
layres_new/store/store.go:152.17,154.4 1 0
layres_new/store/store.go:160.16,162.3 1 0
layres_new/store/store.go:163.20,165.3 1 0
layres_new/services/agecheck.go:8.35,14.15 4 0
layres_new/services/agecheck.go:18.2,18.47 1 0
layres_new/services/agecheck.go:14.15,15.12 1 0
layres_new/services/services.go:12.51,14.2 1 0
layres_new/services/services.go:16.67,19.2 2 0
layres_new/services/services.go:21.76,25.2 2 0
layres_new/services/services.go:27.87,31.28 2 0
layres_new/services/services.go:34.2,34.33 1 0
layres_new/services/services.go:31.28,33.3 1 0
layres_new/services/services.go:38.61,41.2 1 0
layres_new/services/services.go:44.46,47.2 1 0
layres_new/services/services.go:49.93,51.13 2 0
layres_new/services/services.go:55.2,55.16 1 0
layres_new/services/services.go:51.13,53.3 1 0
layres_new/delivery/delivery.go:18.53,20.2 1 0
layres_new/delivery/delivery.go:23.64,27.11 3 0
layres_new/delivery/delivery.go:32.2,33.15 2 0
layres_new/delivery/delivery.go:38.2,38.15 1 0
layres_new/delivery/delivery.go:43.2,43.33 1 0
layres_new/delivery/delivery.go:27.11,30.3 2 0
layres_new/delivery/delivery.go:33.15,36.3 2 0
layres_new/delivery/delivery.go:38.15,41.3 2 0
layres_new/delivery/delivery.go:48.66,51.16 3 0
layres_new/delivery/delivery.go:56.2,56.33 1 0
layres_new/delivery/delivery.go:51.16,54.3 2 0
layres_new/delivery/delivery.go:61.63,67.29 5 0
layres_new/delivery/delivery.go:72.2,73.33 2 0
layres_new/delivery/delivery.go:67.29,70.3 2 0
layres_new/delivery/delivery.go:77.63,79.16 2 0
layres_new/delivery/delivery.go:84.2,84.33 1 0
layres_new/delivery/delivery.go:79.16,82.3 2 0
layres_new/delivery/delivery.go:88.63,93.13 4 0
layres_new/delivery/delivery.go:97.2,97.37 1 0
layres_new/delivery/delivery.go:93.13,96.3 2 0
layres_new/delivery/delivery.go:101.63,110.27 7 0
layres_new/delivery/delivery.go:114.2,114.33 1 0
layres_new/delivery/delivery.go:110.27,113.3 2 0
layres_new/main.go:14.13,16.16 2 0
layres_new/main.go:19.2,20.16 2 0
layres_new/main.go:23.2,35.44 12 0
layres_new/main.go:16.16,17.13 1 0
layres_new/main.go:20.16,21.13 1 0
layres_new/store/store.go:14.33,16.2 1 0
layres_new/store/store.go:17.31,19.2 1 0
layres_new/store/store.go:21.67,23.16 2 0
layres_new/store/store.go:27.2,29.17 2 0
layres_new/store/store.go:33.2,33.22 1 0
layres_new/store/store.go:23.16,25.3 1 0
layres_new/store/store.go:29.17,31.3 1 0
layres_new/store/store.go:36.76,38.16 2 0
layres_new/store/store.go:42.2,44.18 2 0
layres_new/store/store.go:49.2,49.23 1 0
layres_new/store/store.go:38.16,40.3 1 0
layres_new/store/store.go:44.18,48.3 3 0
layres_new/store/store.go:52.84,53.42 1 0
layres_new/store/store.go:57.2,57.95 1 0
layres_new/store/store.go:61.2,67.13 5 0
layres_new/store/store.go:70.2,71.13 2 0
layres_new/store/store.go:74.2,78.17 4 0
layres_new/store/store.go:82.2,82.22 1 0
layres_new/store/store.go:53.42,55.3 1 0
layres_new/store/store.go:57.95,59.3 1 0
layres_new/store/store.go:67.13,69.3 1 0
layres_new/store/store.go:71.13,73.3 1 0
layres_new/store/store.go:78.17,80.3 1 0
layres_new/store/store.go:85.60,89.14 3 0
layres_new/store/store.go:93.2,96.18 3 0
layres_new/store/store.go:101.2,101.22 1 0
layres_new/store/store.go:89.14,90.13 1 0
layres_new/store/store.go:96.18,100.3 3 0
layres_new/store/store.go:104.44,108.13 3 0
layres_new/store/store.go:111.2,111.12 1 0
layres_new/store/store.go:108.13,110.3 1 0
layres_new/store/store.go:114.91,116.23 2 0
layres_new/store/store.go:128.2,130.30 3 0
layres_new/store/store.go:157.2,160.16 4 0
layres_new/store/store.go:163.2,163.20 1 0
layres_new/store/store.go:166.2,166.22 1 0
layres_new/store/store.go:116.23,124.13 7 0
layres_new/store/store.go:124.13,126.4 1 0
layres_new/store/store.go:130.30,133.40 2 0
layres_new/store/store.go:138.3,138.34 1 0
layres_new/store/store.go:143.3,143.35 1 0
layres_new/store/store.go:147.3,152.17 5 0
layres_new/store/store.go:133.40,136.4 2 0
layres_new/store/store.go:138.34,141.4 2 0
layres_new/store/store.go:143.35,146.4 2 0
layres_new/store/store.go:152.17,154.4 1 0
layres_new/store/store.go:160.16,162.3 1 0
layres_new/store/store.go:163.20,165.3 1 0
layres_new/services/agecheck.go:8.35,14.15 4 0
layres_new/services/agecheck.go:18.2,18.47 1 0
layres_new/services/agecheck.go:14.15,15.12 1 0
layres_new/services/services.go:12.51,14.2 1 0
layres_new/services/services.go:16.67,19.2 2 0
layres_new/services/services.go:21.76,25.2 2 0
layres_new/services/services.go:27.87,31.28 2 0
layres_new/services/services.go:34.2,34.33 1 0
layres_new/services/services.go:31.28,33.3 1 0
layres_new/services/services.go:38.61,41.2 1 0
layres_new/services/services.go:44.46,47.2 1 0
layres_new/services/services.go:49.93,51.13 2 0
layres_new/services/services.go:55.2,55.16 1 0
layres_new/services/services.go:51.13,53.3 1 0
